[debug] [2022-02-10T11:49:41.608Z] ----------------------------------------------------------------------
[debug] [2022-02-10T11:49:41.611Z] Command:       C:\Program Files\nodejs\node.exe C:\Users\Admin\AppData\Roaming\npm\node_modules\firebase-tools\lib\bin\firebase.js init
[debug] [2022-02-10T11:49:41.611Z] CLI Version:   9.13.1
[debug] [2022-02-10T11:49:41.611Z] Platform:      win32
[debug] [2022-02-10T11:49:41.611Z] Node Version:  v14.17.1
[debug] [2022-02-10T11:49:41.613Z] Time:          Thu Feb 10 2022 18:49:41 GMT+0700 (Indochina Time)
[debug] [2022-02-10T11:49:41.613Z] ----------------------------------------------------------------------
[debug] 
[debug] [2022-02-10T11:49:41.617Z] >>> [apiv2][query] GET https://firebase-public.firebaseio.com/cli.json [none]
[debug] [2022-02-10T11:49:41.641Z] > command requires scopes: ["email","openid","https://www.googleapis.com/auth/cloudplatformprojects.readonly","https://www.googleapis.com/auth/firebase","https://www.googleapis.com/auth/cloud-platform"]
[debug] [2022-02-10T11:49:41.641Z] > authorizing via signed-in user (it.im@lpe.vn)
[info] 
     ######## #### ########  ######## ########     ###     ######  ########
     ##        ##  ##     ## ##       ##     ##  ##   ##  ##       ##
     ######    ##  ########  ######   ########  #########  ######  ######
     ##        ##  ##    ##  ##       ##     ## ##     ##       ## ##
     ##       #### ##     ## ######## ########  ##     ##  ######  ########

You're about to initialize a Firebase project in this directory:

  D:\antam-ecommerc

[debug] [2022-02-10T11:49:42.513Z] <<< [apiv2][status] GET https://firebase-public.firebaseio.com/cli.json 200
[debug] [2022-02-10T11:49:42.514Z] <<< [apiv2][body] GET https://firebase-public.firebaseio.com/cli.json {"cloudBuildErrorAfter":1594252800000,"cloudBuildWarnAfter":1590019200000,"defaultNode10After":1594252800000,"minVersion":"3.0.5","node8DeploysDisabledAfter":1613390400000,"node8RuntimeDisabledAfter":1615809600000,"node8WarnAfter":1600128000000}
